<?xml version="1.0" encoding="UTF-8"?>
<testsuite xmlns:xsi="http://www.w3.org/2001/XMLSchema-instance" xsi:noNamespaceSchemaLocation="https://maven.apache.org/surefire/maven-surefire-plugin/xsd/surefire-test-report.xsd" name="com.infoshare.junit5.PurchaseTests" time="0.061" tests="8" errors="0" skipped="0" failures="4">
  <properties>
    <property name="java.specification.version" value="13"/>
    <property name="sun.jnu.encoding" value="UTF-8"/>
    <property name="java.class.path" value="/home/adamprzybylowski/jjdd8-materialy-junit/target/test-classes:/home/adamprzybylowski/jjdd8-materialy-junit/target/classes:/home/adamprzybylowski/.m2/repository/org/junit/jupiter/junit-jupiter/5.5.2/junit-jupiter-5.5.2.jar:/home/adamprzybylowski/.m2/repository/org/junit/jupiter/junit-jupiter-api/5.5.2/junit-jupiter-api-5.5.2.jar:/home/adamprzybylowski/.m2/repository/org/apiguardian/apiguardian-api/1.1.0/apiguardian-api-1.1.0.jar:/home/adamprzybylowski/.m2/repository/org/opentest4j/opentest4j/1.2.0/opentest4j-1.2.0.jar:/home/adamprzybylowski/.m2/repository/org/junit/platform/junit-platform-commons/1.5.2/junit-platform-commons-1.5.2.jar:/home/adamprzybylowski/.m2/repository/org/junit/jupiter/junit-jupiter-params/5.5.2/junit-jupiter-params-5.5.2.jar:/home/adamprzybylowski/.m2/repository/org/junit/jupiter/junit-jupiter-engine/5.5.2/junit-jupiter-engine-5.5.2.jar:/home/adamprzybylowski/.m2/repository/org/junit/platform/junit-platform-engine/1.5.2/junit-platform-engine-1.5.2.jar:/home/adamprzybylowski/.m2/repository/org/assertj/assertj-core/3.13.2/assertj-core-3.13.2.jar:"/>
    <property name="java.vm.vendor" value="Oracle Corporation"/>
    <property name="sun.arch.data.model" value="64"/>
    <property name="java.vendor.url" value="https://java.oracle.com/"/>
    <property name="os.name" value="Linux"/>
    <property name="java.vm.specification.version" value="13"/>
    <property name="sun.java.launcher" value="SUN_STANDARD"/>
    <property name="user.country" value="US"/>
    <property name="sun.boot.library.path" value="/usr/lib/jvm/java-13-oracle/lib"/>
    <property name="sun.java.command" value="/home/adamprzybylowski/jjdd8-materialy-junit/target/surefire/surefirebooter8494949201719081313.jar /home/adamprzybylowski/jjdd8-materialy-junit/target/surefire 2019-12-12T09-42-38_458-jvmRun1 surefire16826725510535652536tmp surefire_011202039183829341406tmp"/>
    <property name="jdk.debug" value="release"/>
    <property name="surefire.test.class.path" value="/home/adamprzybylowski/jjdd8-materialy-junit/target/test-classes:/home/adamprzybylowski/jjdd8-materialy-junit/target/classes:/home/adamprzybylowski/.m2/repository/org/junit/jupiter/junit-jupiter/5.5.2/junit-jupiter-5.5.2.jar:/home/adamprzybylowski/.m2/repository/org/junit/jupiter/junit-jupiter-api/5.5.2/junit-jupiter-api-5.5.2.jar:/home/adamprzybylowski/.m2/repository/org/apiguardian/apiguardian-api/1.1.0/apiguardian-api-1.1.0.jar:/home/adamprzybylowski/.m2/repository/org/opentest4j/opentest4j/1.2.0/opentest4j-1.2.0.jar:/home/adamprzybylowski/.m2/repository/org/junit/platform/junit-platform-commons/1.5.2/junit-platform-commons-1.5.2.jar:/home/adamprzybylowski/.m2/repository/org/junit/jupiter/junit-jupiter-params/5.5.2/junit-jupiter-params-5.5.2.jar:/home/adamprzybylowski/.m2/repository/org/junit/jupiter/junit-jupiter-engine/5.5.2/junit-jupiter-engine-5.5.2.jar:/home/adamprzybylowski/.m2/repository/org/junit/platform/junit-platform-engine/1.5.2/junit-platform-engine-1.5.2.jar:/home/adamprzybylowski/.m2/repository/org/assertj/assertj-core/3.13.2/assertj-core-3.13.2.jar:"/>
    <property name="sun.cpu.endian" value="little"/>
    <property name="user.home" value="/home/adamprzybylowski"/>
    <property name="user.language" value="en"/>
    <property name="java.specification.vendor" value="Oracle Corporation"/>
    <property name="java.version.date" value="2019-10-15"/>
    <property name="java.home" value="/usr/lib/jvm/java-13-oracle"/>
    <property name="file.separator" value="/"/>
    <property name="basedir" value="/home/adamprzybylowski/jjdd8-materialy-junit"/>
    <property name="java.vm.compressedOopsMode" value="Zero based"/>
    <property name="line.separator" value="&#10;"/>
    <property name="java.vm.specification.vendor" value="Oracle Corporation"/>
    <property name="java.specification.name" value="Java Platform API Specification"/>
    <property name="surefire.real.class.path" value="/home/adamprzybylowski/jjdd8-materialy-junit/target/surefire/surefirebooter8494949201719081313.jar"/>
    <property name="sun.management.compiler" value="HotSpot 64-Bit Tiered Compilers"/>
    <property name="java.runtime.version" value="13.0.1+9"/>
    <property name="user.name" value="adamprzybylowski"/>
    <property name="path.separator" value=":"/>
    <property name="os.version" value="4.15.0-72-generic"/>
    <property name="java.runtime.name" value="Java(TM) SE Runtime Environment"/>
    <property name="file.encoding" value="UTF-8"/>
    <property name="java.vm.name" value="Java HotSpot(TM) 64-Bit Server VM"/>
    <property name="localRepository" value="/home/adamprzybylowski/.m2/repository"/>
    <property name="java.vendor.url.bug" value="https://bugreport.java.com/bugreport/"/>
    <property name="java.io.tmpdir" value="/tmp"/>
    <property name="java.version" value="13.0.1"/>
    <property name="user.dir" value="/home/adamprzybylowski/jjdd8-materialy-junit"/>
    <property name="os.arch" value="amd64"/>
    <property name="java.vm.specification.name" value="Java Virtual Machine Specification"/>
    <property name="java.library.path" value="/usr/java/packages/lib:/usr/lib64:/lib64:/lib:/usr/lib"/>
    <property name="java.vm.info" value="mixed mode, sharing"/>
    <property name="java.vendor" value="Oracle Corporation"/>
    <property name="java.vm.version" value="13.0.1+9"/>
    <property name="sun.io.unicode.encoding" value="UnicodeLittle"/>
    <property name="java.class.version" value="57.0"/>
  </properties>
  <testcase name="order_is_cancelled_when_not_enough_products" classname="com.infoshare.junit5.PurchaseTests$FailedPurchase" time="0.024">
    <failure message="Unexpected exception type thrown ==&gt; expected: &lt;com.infoshare.junit5.exception.OutOfItemException&gt; but was: &lt;org.opentest4j.AssertionFailedError&gt;" type="org.opentest4j.AssertionFailedError"><![CDATA[org.opentest4j.AssertionFailedError: Unexpected exception type thrown ==> expected: <com.infoshare.junit5.exception.OutOfItemException> but was: <org.opentest4j.AssertionFailedError>
	at com.infoshare.junit5.PurchaseTests$FailedPurchase.order_is_cancelled_when_not_enough_products(PurchaseTests.java:137)
Caused by: org.opentest4j.AssertionFailedError: 
	at com.infoshare.junit5.PurchaseTests$FailedPurchase.lambda$order_is_cancelled_when_not_enough_products$0(PurchaseTests.java:140)
	at com.infoshare.junit5.PurchaseTests$FailedPurchase.order_is_cancelled_when_not_enough_products(PurchaseTests.java:137)
]]></failure>
  </testcase>
  <testcase name="given_not_enough_coins_wont_dispense_product" classname="com.infoshare.junit5.PurchaseTests$FailedPurchase$ReturnChange" time="0.008"/>
  <testcase name="order_is_cancelled_when_machine_cant_return_change" classname="com.infoshare.junit5.PurchaseTests$FailedPurchase$ReturnChange" time="0.002">
    <failure message="Unexpected exception type thrown ==&gt; expected: &lt;com.infoshare.junit5.exception.NoChangeException&gt; but was: &lt;org.opentest4j.AssertionFailedError&gt;" type="org.opentest4j.AssertionFailedError"><![CDATA[org.opentest4j.AssertionFailedError: Unexpected exception type thrown ==> expected: <com.infoshare.junit5.exception.NoChangeException> but was: <org.opentest4j.AssertionFailedError>
	at com.infoshare.junit5.PurchaseTests$FailedPurchase$ReturnChange.order_is_cancelled_when_machine_cant_return_change(PurchaseTests.java:182)
Caused by: org.opentest4j.AssertionFailedError: 
	at com.infoshare.junit5.PurchaseTests$FailedPurchase$ReturnChange.lambda$order_is_cancelled_when_machine_cant_return_change$1(PurchaseTests.java:185)
	at com.infoshare.junit5.PurchaseTests$FailedPurchase$ReturnChange.order_is_cancelled_when_machine_cant_return_change(PurchaseTests.java:182)
]]></failure>
  </testcase>
  <testcase name="should_return_payment_after_cancellation" classname="com.infoshare.junit5.PurchaseTests$FailedPurchase$ReturnChange" time="0.001">
    <failure type="org.opentest4j.AssertionFailedError:">org.opentest4j.AssertionFailedError: 
	at com.infoshare.junit5.PurchaseTests$FailedPurchase$ReturnChange.should_return_payment_after_cancellation(PurchaseTests.java:162)
</failure>
  </testcase>
  <testcase name="dispense_only_one_product_after_purchase" classname="com.infoshare.junit5.PurchaseTests$SuccessfulPurchase" time="0.001"/>
  <testcase name="purchase_product_without_change" classname="com.infoshare.junit5.PurchaseTests$SuccessfulPurchase" time="0.001">
    <failure type="org.opentest4j.AssertionFailedError:">org.opentest4j.AssertionFailedError: 
	at com.infoshare.junit5.PurchaseTests$SuccessfulPurchase.purchase_product_without_change(PurchaseTests.java:42)
</failure>
  </testcase>
  <testcase name="insert_coins_then_select" classname="com.infoshare.junit5.PurchaseTests$SuccessfulPurchase$ReturnChange" time="0.002"/>
  <testcase name="remove_change_from_coinbox" classname="com.infoshare.junit5.PurchaseTests$SuccessfulPurchase$ReturnChange" time="0.001"/>
</testsuite>