<?xml version="1.0" encoding="UTF-8"?>
<testsuite xmlns:xsi="http://www.w3.org/2001/XMLSchema-instance" xsi:noNamespaceSchemaLocation="https://maven.apache.org/surefire/maven-surefire-plugin/xsd/surefire-test-report.xsd" name="com.infoshare.junit5.domain.DispenserLoadingTests" time="0.016" tests="4" errors="0" skipped="0" failures="0">
  <properties>
[...]
</properties>
  <testcase name="should_load_and_count_value_of_all_coins{Coin}[1]" classname="com.infoshare.junit5.domain.DispenserLoadingTests" time="0.002"/>
  <testcase name="should_load_and_count_value_of_all_coins{Coin}[2]" classname="com.infoshare.junit5.domain.DispenserLoadingTests" time="0.001"/>
  <testcase name="should_load_and_count_value_of_all_coins{Coin}[3]" classname="com.infoshare.junit5.domain.DispenserLoadingTests" time="0"/>
  <testcase name="should_load_and_count_value_of_all_coins{Coin}[4]" classname="com.infoshare.junit5.domain.DispenserLoadingTests" time="0.001"/>
</testsuite>