<?xml version="1.0" encoding="UTF-8"?>
<testsuite xmlns:xsi="http://www.w3.org/2001/XMLSchema-instance" xsi:noNamespaceSchemaLocation="https://maven.apache.org/surefire/maven-surefire-plugin/xsd/surefire-test-report.xsd" name="com.infoshare.junit5.domain.BookTests" time="0.054" tests="7" errors="0" skipped="2" failures="2">
  <properties>
[...]
</properties>
  <testcase name="junit_failure" classname="com.infoshare.junit5.domain.BookTests" time="0">
    <skipped message="public void com.infoshare.junit5.domain.BookTests.junit_failure() is @Disabled"/>
  </testcase>
  <testcase name="assertj_failure" classname="com.infoshare.junit5.domain.BookTests" time="0">
    <skipped message="public void com.infoshare.junit5.domain.BookTests.assertj_failure() is @Disabled"/>
  </testcase>
  <testcase name="assertj_file_asserts" classname="com.infoshare.junit5.domain.BookTests" time="0.011"/>
  <testcase name="assertj_extracting" classname="com.infoshare.junit5.domain.BookTests" time="0.022"/>
  <testcase name="assertj_filtering" classname="com.infoshare.junit5.domain.BookTests" time="0.001"/>
  <testcase name="assertj_file_content_asserts" classname="com.infoshare.junit5.domain.BookTests" time="0.002">
    <failure type="org.opentest4j.AssertionFailedError:">org.opentest4j.AssertionFailedError: 
	at com.infoshare.junit5.domain.BookTests.assertj_file_content_asserts(BookTests.java:80)
</failure>
  </testcase>
  <testcase name="assertj_multiple_filtering" classname="com.infoshare.junit5.domain.BookTests" time="0.001">
    <failure type="org.opentest4j.AssertionFailedError:">org.opentest4j.AssertionFailedError: 
	at com.infoshare.junit5.domain.BookTests.assertj_multiple_filtering(BookTests.java:66)
</failure>
  </testcase>
</testsuite>