<?xml version="1.0" encoding="UTF-8"?>
<testsuite xmlns:xsi="http://www.w3.org/2001/XMLSchema-instance" xsi:noNamespaceSchemaLocation="https://maven.apache.org/surefire/maven-surefire-plugin/xsd/surefire-test-report.xsd" name="com.infoshare.junit5.PurchaseTests" time="0.061" tests="8" errors="0" skipped="0" failures="4">
  <properties>
[...]
</properties>
  <testcase name="order_is_cancelled_when_not_enough_products" classname="com.infoshare.junit5.PurchaseTests$FailedPurchase" time="0.024">
    <failure message="Unexpected exception type thrown ==&gt; expected: &lt;com.infoshare.junit5.exception.OutOfItemException&gt; but was: &lt;org.opentest4j.AssertionFailedError&gt;" type="org.opentest4j.AssertionFailedError"><![CDATA[org.opentest4j.AssertionFailedError: Unexpected exception type thrown ==> expected: <com.infoshare.junit5.exception.OutOfItemException> but was: <org.opentest4j.AssertionFailedError>
	at com.infoshare.junit5.PurchaseTests$FailedPurchase.order_is_cancelled_when_not_enough_products(PurchaseTests.java:137)
Caused by: org.opentest4j.AssertionFailedError: 
	at com.infoshare.junit5.PurchaseTests$FailedPurchase.lambda$order_is_cancelled_when_not_enough_products$0(PurchaseTests.java:140)
	at com.infoshare.junit5.PurchaseTests$FailedPurchase.order_is_cancelled_when_not_enough_products(PurchaseTests.java:137)
]]></failure>
  </testcase>
  <testcase name="given_not_enough_coins_wont_dispense_product" classname="com.infoshare.junit5.PurchaseTests$FailedPurchase$ReturnChange" time="0.008"/>
  <testcase name="order_is_cancelled_when_machine_cant_return_change" classname="com.infoshare.junit5.PurchaseTests$FailedPurchase$ReturnChange" time="0.002">
    <failure message="Unexpected exception type thrown ==&gt; expected: &lt;com.infoshare.junit5.exception.NoChangeException&gt; but was: &lt;org.opentest4j.AssertionFailedError&gt;" type="org.opentest4j.AssertionFailedError"><![CDATA[org.opentest4j.AssertionFailedError: Unexpected exception type thrown ==> expected: <com.infoshare.junit5.exception.NoChangeException> but was: <org.opentest4j.AssertionFailedError>
	at com.infoshare.junit5.PurchaseTests$FailedPurchase$ReturnChange.order_is_cancelled_when_machine_cant_return_change(PurchaseTests.java:182)
Caused by: org.opentest4j.AssertionFailedError: 
	at com.infoshare.junit5.PurchaseTests$FailedPurchase$ReturnChange.lambda$order_is_cancelled_when_machine_cant_return_change$1(PurchaseTests.java:185)
	at com.infoshare.junit5.PurchaseTests$FailedPurchase$ReturnChange.order_is_cancelled_when_machine_cant_return_change(PurchaseTests.java:182)
]]></failure>
  </testcase>
  <testcase name="should_return_payment_after_cancellation" classname="com.infoshare.junit5.PurchaseTests$FailedPurchase$ReturnChange" time="0.001">
    <failure type="org.opentest4j.AssertionFailedError:">org.opentest4j.AssertionFailedError: 
	at com.infoshare.junit5.PurchaseTests$FailedPurchase$ReturnChange.should_return_payment_after_cancellation(PurchaseTests.java:162)
</failure>
  </testcase>
  <testcase name="dispense_only_one_product_after_purchase" classname="com.infoshare.junit5.PurchaseTests$SuccessfulPurchase" time="0.001"/>
  <testcase name="purchase_product_without_change" classname="com.infoshare.junit5.PurchaseTests$SuccessfulPurchase" time="0.001">
    <failure type="org.opentest4j.AssertionFailedError:">org.opentest4j.AssertionFailedError: 
	at com.infoshare.junit5.PurchaseTests$SuccessfulPurchase.purchase_product_without_change(PurchaseTests.java:42)
</failure>
  </testcase>
  <testcase name="insert_coins_then_select" classname="com.infoshare.junit5.PurchaseTests$SuccessfulPurchase$ReturnChange" time="0.002"/>
  <testcase name="remove_change_from_coinbox" classname="com.infoshare.junit5.PurchaseTests$SuccessfulPurchase$ReturnChange" time="0.001"/>
</testsuite>