<?xml version="1.0" encoding="UTF-8"?>
<testsuite xmlns:xsi="http://www.w3.org/2001/XMLSchema-instance" xsi:noNamespaceSchemaLocation="https://maven.apache.org/surefire/maven-surefire-plugin/xsd/surefire-test-report.xsd" name="com.infoshare.junit5.domain.DispenserTests" time="0.192" tests="29" errors="0" skipped="0" failures="9">
  <properties>
[...]
</properties>
  <testcase name="should_remove_dispensed_items" classname="com.infoshare.junit5.domain.DispenserTests" time="0.072"/>
  <testcase name="should_ignore_negative_value" classname="com.infoshare.junit5.domain.DispenserTests" time="0.001"/>
  <testcase name="amount_cant_be_lower_than_zero_after_removal" classname="com.infoshare.junit5.domain.DispenserTests" time="0.001">
    <failure type="org.opentest4j.AssertionFailedError:">org.opentest4j.AssertionFailedError: 
	at com.infoshare.junit5.domain.DispenserTests.amount_cant_be_lower_than_zero_after_removal(DispenserTests.java:247)
</failure>
  </testcase>
  <testcase name="should_throw_out_of_item_exception_junit_style" classname="com.infoshare.junit5.domain.DispenserTests" time="0.001"/>
  <testcase name="should_calculate_change{int}[1]" classname="com.infoshare.junit5.domain.DispenserTests" time="0.002"/>
  <testcase name="should_calculate_change{int}[2]" classname="com.infoshare.junit5.domain.DispenserTests" time="0.001"/>
  <testcase name="should_calculate_change{int}[3]" classname="com.infoshare.junit5.domain.DispenserTests" time="0.001"/>
  <testcase name="should_calculate_change{int, int}[1]" classname="com.infoshare.junit5.domain.DispenserTests" time="0"/>
  <testcase name="should_calculate_change{int, int}[2]" classname="com.infoshare.junit5.domain.DispenserTests" time="0.001"/>
  <testcase name="should_calculate_change{int, int}[3]" classname="com.infoshare.junit5.domain.DispenserTests" time="0.001"/>
  <testcase name="should_add_loaded_items_of_same_type" classname="com.infoshare.junit5.domain.DispenserTests" time="0.001">
    <failure type="org.opentest4j.AssertionFailedError:">org.opentest4j.AssertionFailedError: 
	at com.infoshare.junit5.domain.DispenserTests.should_add_loaded_items_of_same_type(DispenserTests.java:41)
</failure>
  </testcase>
  <testcase name="should_merge_content_of_another_dispenser" classname="com.infoshare.junit5.domain.DispenserTests" time="0.001"/>
  <testcase name="should_copy_itself" classname="com.infoshare.junit5.domain.DispenserTests" time="0.001">
    <failure type="org.opentest4j.AssertionFailedError:">org.opentest4j.AssertionFailedError: 
	at com.infoshare.junit5.domain.DispenserTests.should_copy_itself(DispenserTests.java:148)
</failure>
  </testcase>
  <testcase name="should_not_add_negative_amounts" classname="com.infoshare.junit5.domain.DispenserTests" time="0.001">
    <failure type="org.opentest4j.AssertionFailedError:">org.opentest4j.AssertionFailedError: 
	at com.infoshare.junit5.domain.DispenserTests.should_not_add_negative_amounts(DispenserTests.java:238)
</failure>
  </testcase>
  <testcase name="should_calculate_total_value_of_ones_and_twos{Integer, Integer, Integer}[1]" classname="com.infoshare.junit5.domain.DispenserTests" time="0.003">
    <failure type="org.opentest4j.AssertionFailedError:">org.opentest4j.AssertionFailedError: 
	at com.infoshare.junit5.domain.DispenserTests.should_calculate_total_value_of_ones_and_twos(DispenserTests.java:80)
</failure>
  </testcase>
  <testcase name="should_calculate_total_value_of_ones_and_twos{Integer, Integer, Integer}[2]" classname="com.infoshare.junit5.domain.DispenserTests" time="0.002">
    <failure type="org.opentest4j.AssertionFailedError:">org.opentest4j.AssertionFailedError: 
	at com.infoshare.junit5.domain.DispenserTests.should_calculate_total_value_of_ones_and_twos(DispenserTests.java:80)
</failure>
  </testcase>
  <testcase name="should_calculate_total_value_of_ones_and_twos{Integer, Integer, Integer}[3]" classname="com.infoshare.junit5.domain.DispenserTests" time="0.001">
    <failure type="org.opentest4j.AssertionFailedError:">org.opentest4j.AssertionFailedError: 
	at com.infoshare.junit5.domain.DispenserTests.should_calculate_total_value_of_ones_and_twos(DispenserTests.java:80)
</failure>
  </testcase>
  <testcase name="should_calculate_total_value_of_ones_and_twos{Integer, Integer, Integer}[4]" classname="com.infoshare.junit5.domain.DispenserTests" time="0.002">
    <failure type="org.opentest4j.AssertionFailedError:">org.opentest4j.AssertionFailedError: 
	at com.infoshare.junit5.domain.DispenserTests.should_calculate_total_value_of_ones_and_twos(DispenserTests.java:80)
</failure>
  </testcase>
  <testcase name="should_throw_out_of_item_exception_assertj_style" classname="com.infoshare.junit5.domain.DispenserTests" time="0.003"/>
  <testcase name="should_throw_no_change_exception{Integer, Integer, Integer, Integer}[1]" classname="com.infoshare.junit5.domain.DispenserTests" time="0.003"/>
  <testcase name="should_throw_no_change_exception{Integer, Integer, Integer, Integer}[2]" classname="com.infoshare.junit5.domain.DispenserTests" time="0.002"/>
  <testcase name="should_throw_no_change_exception{Integer, Integer, Integer, Integer}[3]" classname="com.infoshare.junit5.domain.DispenserTests" time="0.002"/>
  <testcase name="should_throw_no_change_exception{Integer, Integer, Integer, Integer}[4]" classname="com.infoshare.junit5.domain.DispenserTests" time="0.002"/>
  <testcase name="should_be_empty_after_unloading" classname="com.infoshare.junit5.domain.DispenserTests" time="0.001">
    <failure type="org.opentest4j.AssertionFailedError:">org.opentest4j.AssertionFailedError: 
	at com.infoshare.junit5.domain.DispenserTests.should_be_empty_after_unloading(DispenserTests.java:63)
</failure>
  </testcase>
  <testcase name="should_return_given_value_as_new_dispenser{Integer, Integer, Integer, Integer}[1]" classname="com.infoshare.junit5.domain.DispenserTests" time="0.001"/>
  <testcase name="should_return_given_value_as_new_dispenser{Integer, Integer, Integer, Integer}[2]" classname="com.infoshare.junit5.domain.DispenserTests" time="0.002"/>
  <testcase name="should_return_given_value_as_new_dispenser{Integer, Integer, Integer, Integer}[3]" classname="com.infoshare.junit5.domain.DispenserTests" time="0.001"/>
  <testcase name="should_return_given_value_as_new_dispenser{Integer, Integer, Integer, Integer}[4]" classname="com.infoshare.junit5.domain.DispenserTests" time="0.002"/>
  <testcase name="should_return_given_value_as_new_dispenser{Integer, Integer, Integer, Integer}[5]" classname="com.infoshare.junit5.domain.DispenserTests" time="0.003"/>
</testsuite>