<?xml version="1.0" encoding="UTF-8"?>
<testsuite xmlns:xsi="http://www.w3.org/2001/XMLSchema-instance" xsi:noNamespaceSchemaLocation="https://maven.apache.org/surefire/maven-surefire-plugin/xsd/surefire-test-report.xsd" name="com.infoshare.junit5.simple.PurchaseTests" time="0.019" tests="6" errors="0" skipped="1" failures="4">
  <properties>
[...]
</properties>
  <testcase name="should_dispense_cookies" classname="com.infoshare.junit5.simple.PurchaseTests" time="0.004">
    <failure type="org.opentest4j.AssertionFailedError:">org.opentest4j.AssertionFailedError: 
	at com.infoshare.junit5.simple.PurchaseTests.should_dispense_cookies(PurchaseTests.java:47)
</failure>
  </testcase>
  <testcase name="given_not_enough_coins_wont_dispense_product" classname="com.infoshare.junit5.simple.PurchaseTests" time="0.001">
    <failure type="org.opentest4j.AssertionFailedError:">org.opentest4j.AssertionFailedError: 
	at com.infoshare.junit5.simple.PurchaseTests.given_not_enough_coins_wont_dispense_product(PurchaseTests.java:99)
</failure>
  </testcase>
  <testcase name="should_not_dispense_product_unless_it_was_selected" classname="com.infoshare.junit5.simple.PurchaseTests" time="0">
    <skipped message="void com.infoshare.junit5.simple.PurchaseTests.should_not_dispense_product_unless_it_was_selected() is @Disabled"/>
  </testcase>
  <testcase name="given_exact_amount_of_coins_wont_give_change" classname="com.infoshare.junit5.simple.PurchaseTests" time="0.002">
    <failure type="org.opentest4j.AssertionFailedError:">org.opentest4j.AssertionFailedError: 
	at com.infoshare.junit5.simple.PurchaseTests.given_exact_amount_of_coins_wont_give_change(PurchaseTests.java:73)
</failure>
  </testcase>
  <testcase name="given_more_coins_wont_give_change" classname="com.infoshare.junit5.simple.PurchaseTests" time="0.002">
    <failure type="org.opentest4j.AssertionFailedError:">org.opentest4j.AssertionFailedError: 
	at com.infoshare.junit5.simple.PurchaseTests.given_more_coins_wont_give_change(PurchaseTests.java:86)
</failure>
  </testcase>
  <testcase name="should_dispense_pepsi" classname="com.infoshare.junit5.simple.PurchaseTests" time="0.002"/>
</testsuite>